[2024-11-15 15:14:42,958, INFO, 1568709147, Entered the data ingestion method ]
[2024-11-15 15:14:42,960, INFO, 1568709147, Establishing Connection with SQLite databse ]
[2024-11-15 15:14:42,964, ERROR, 1568709147, Probelm initating the data ingestion method {e} ]
[2024-11-15 15:15:48,954, INFO, 1568709147, Entered the data ingestion method ]
[2024-11-15 15:15:48,956, INFO, 1568709147, Establishing Connection with SQLite databse ]
[2024-11-15 15:15:48,958, ERROR, 1568709147, Probelm initating the data ingestion method {e} ]
[2024-11-15 15:16:15,606, INFO, 1568709147, Entered the data ingestion method ]
[2024-11-15 15:16:15,608, INFO, 1568709147, Establishing Connection with SQLite databse ]
[2024-11-15 15:16:15,610, ERROR, 1568709147, Probelm initating the data ingestion method {e} ]
[2024-11-15 15:16:23,888, INFO, 1568709147, Entered the data ingestion method ]
[2024-11-15 15:16:23,889, INFO, 1568709147, Establishing Connection with SQLite databse ]
[2024-11-15 15:16:23,891, ERROR, 1568709147, Probelm initating the data ingestion method {e} ]
[2024-11-15 15:16:44,264, INFO, 1568709147, Entered the data ingestion method ]
[2024-11-15 15:16:44,266, INFO, 1568709147, Establishing Connection with SQLite databse ]
[2024-11-15 15:16:44,267, ERROR, 1568709147, Probelm initating the data ingestion method {e} ]
[2024-11-15 15:17:16,622, INFO, 1568709147, Entered the data ingestion method ]
[2024-11-15 15:17:16,624, INFO, 1568709147, Establishing Connection with SQLite databse ]
[2024-11-15 15:17:16,627, ERROR, 1568709147, Probelm initating the data ingestion method {e} ]
[2024-11-15 15:18:08,934, INFO, 1568709147, Entered the data ingestion method ]
[2024-11-15 15:18:08,936, INFO, 1568709147, Establishing Connection with SQLite databse ]
[2024-11-15 15:18:08,937, ERROR, 1568709147, Probelm initating the data ingestion method {e} ]
[2024-11-15 15:19:04,921, INFO, 1568709147, Entered the data ingestion method ]
[2024-11-15 15:19:04,922, INFO, 1568709147, Establishing Connection with SQLite databse ]
[2024-11-15 15:19:04,924, ERROR, 1568709147, Probelm initating the data ingestion method {e} ]
[2024-11-15 15:19:42,926, INFO, 1568709147, Entered the data ingestion method ]
[2024-11-15 15:19:42,929, INFO, 1568709147, Establishing Connection with SQLite databse ]
[2024-11-15 15:19:42,931, ERROR, 1568709147, Probelm initating the data ingestion method {e} ]
[2024-11-15 15:21:08,051, INFO, 390959417, Entered the data ingestion method ]
[2024-11-15 15:21:08,055, INFO, 390959417, Establishing Connection with SQLite databse ]
[2024-11-15 15:21:08,060, INFO, 1778631620, Successfully connected to the SQLite database. ]
[2024-11-15 15:21:08,064, INFO, 1778631620, Error reading SQLite to DataFrame: Execution failed on sql 'SELECT * FROM {table_name}': unrecognized token: "{" ]
[2024-11-15 15:21:08,067, INFO, 390959417, Successfuly read the raw data as dataframe ]
[2024-11-15 15:21:08,071, INFO, 1778631620, Disconnected from the SQLite database. ]
[2024-11-15 15:21:08,077, INFO, 390959417, Disconnected from SQLite database ]
[2024-11-15 15:21:08,081, INFO, 390959417, Train Test Split Initiated ]
[2024-11-15 15:21:08,088, INFO, 390959417, Probelm initating the data ingestion method {e} ]
[2024-11-15 15:22:27,658, INFO, 390959417, Entered the data ingestion method ]
[2024-11-15 15:22:27,659, INFO, 390959417, Establishing Connection with SQLite databse ]
[2024-11-15 15:22:27,661, INFO, 1778631620, Successfully connected to the SQLite database. ]
[2024-11-15 15:22:27,662, INFO, 1778631620, Error reading SQLite to DataFrame: Execution failed on sql 'SELECT * FROM {table_name}': unrecognized token: "{" ]
[2024-11-15 15:22:27,662, INFO, 390959417, Successfuly read the raw data as dataframe ]
[2024-11-15 15:22:27,663, INFO, 1778631620, Disconnected from the SQLite database. ]
[2024-11-15 15:22:27,664, INFO, 390959417, Disconnected from SQLite database ]
[2024-11-15 15:22:27,665, INFO, 390959417, Train Test Split Initiated ]
[2024-11-15 15:22:27,667, INFO, 390959417, Probelm initating the data ingestion method {e} ]
[2024-11-15 15:23:47,401, INFO, 390959417, Entered the data ingestion method ]
[2024-11-15 15:23:47,403, INFO, 390959417, Establishing Connection with SQLite databse ]
[2024-11-15 15:23:47,404, INFO, 1778631620, Successfully connected to the SQLite database. ]
[2024-11-15 15:23:47,406, INFO, 1778631620, Error reading SQLite to DataFrame: Execution failed on sql 'SELECT * FROM {table_name}': unrecognized token: "{" ]
[2024-11-15 15:23:47,407, INFO, 390959417, Successfuly read the raw data as dataframe ]
[2024-11-15 15:23:47,409, INFO, 1778631620, Disconnected from the SQLite database. ]
[2024-11-15 15:23:47,410, INFO, 390959417, Disconnected from SQLite database ]
[2024-11-15 15:23:47,412, INFO, 390959417, Train Test Split Initiated ]
[2024-11-15 15:23:47,413, INFO, 390959417, Probelm initating the data ingestion method {e} ]
[2024-11-15 15:25:13,743, INFO, 390959417, Entered the data ingestion method ]
[2024-11-15 15:25:13,744, INFO, 390959417, Establishing Connection with SQLite databse ]
[2024-11-15 15:25:13,746, INFO, 1778631620, Successfully connected to the SQLite database. ]
[2024-11-15 15:25:13,747, INFO, 1778631620, Error reading SQLite to DataFrame: Execution failed on sql 'SELECT * FROM {table_name}': unrecognized token: "{" ]
[2024-11-15 15:25:13,748, INFO, 390959417, Successfuly read the raw data as dataframe ]
[2024-11-15 15:25:13,749, INFO, 1778631620, Disconnected from the SQLite database. ]
[2024-11-15 15:25:13,752, INFO, 390959417, Disconnected from SQLite database ]
[2024-11-15 15:25:13,754, INFO, 390959417, Train Test Split Initiated ]
[2024-11-15 15:25:13,755, INFO, 390959417, Probelm initating the data ingestion method {e} ]
[2024-11-15 15:26:16,052, INFO, 4225170155, Entered the data ingestion method ]
[2024-11-15 15:26:16,053, INFO, 4225170155, Establishing Connection with SQLite databse ]
[2024-11-15 15:26:16,055, INFO, 2633698196, Successfully connected to the SQLite database. ]
[2024-11-15 15:26:16,057, INFO, 2633698196, Error reading SQLite to DataFrame: Execution failed on sql 'SELECT * FROM {table_name}': unrecognized token: "{" ]
[2024-11-15 15:26:16,059, INFO, 4225170155, Successfuly read the raw data as dataframe ]
[2024-11-15 15:26:16,060, INFO, 2633698196, Disconnected from the SQLite database. ]
[2024-11-15 15:26:16,061, INFO, 4225170155, Disconnected from SQLite database ]
[2024-11-15 15:26:16,062, INFO, 4225170155, Train Test Split Initiated ]
[2024-11-15 15:26:16,063, INFO, 4225170155, Probelm initating the data ingestion method {e} ]
[2024-11-15 15:30:37,240, INFO, 837790712, Entered the data ingestion method ]
[2024-11-15 15:30:37,244, INFO, 837790712, Establishing Connection with SQLite databse ]
[2024-11-15 15:30:37,248, INFO, 2633698196, Successfully connected to the SQLite database. ]
[2024-11-15 15:30:37,251, INFO, 2633698196, Error reading SQLite to DataFrame: Execution failed on sql 'SELECT * FROM {table_name}': unrecognized token: "{" ]
[2024-11-15 15:30:37,253, INFO, 837790712, Successfuly read the raw data as dataframe ]
[2024-11-15 15:30:37,255, INFO, 2633698196, Disconnected from the SQLite database. ]
[2024-11-15 15:30:37,257, INFO, 837790712, Disconnected from SQLite database ]
[2024-11-15 15:30:37,261, INFO, 837790712, Train Test Split Initiated ]
[2024-11-15 15:30:37,265, INFO, 837790712, Probelm initating the data ingestion method {e} ]
[2024-11-15 15:31:44,573, INFO, 837790712, Entered the data ingestion method ]
[2024-11-15 15:31:44,575, INFO, 837790712, Establishing Connection with SQLite databse ]
[2024-11-15 15:31:44,579, INFO, 2633698196, Successfully connected to the SQLite database. ]
[2024-11-15 15:31:53,081, INFO, 837790712, Successfuly read the raw data as dataframe ]
[2024-11-15 15:31:53,085, INFO, 2633698196, Disconnected from the SQLite database. ]
[2024-11-15 15:31:53,086, INFO, 837790712, Disconnected from SQLite database ]
[2024-11-15 15:31:53,087, INFO, 837790712, Train Test Split Initiated ]
[2024-11-15 15:31:56,847, INFO, 837790712, Probelm initating the data ingestion method {e} ]
[2024-11-15 15:35:04,470, INFO, 4205154732, Entered the data ingestion method ]
[2024-11-15 15:35:04,472, INFO, 4205154732, Establishing Connection with SQLite databse ]
[2024-11-15 15:35:04,474, INFO, 2633698196, Successfully connected to the SQLite database. ]
[2024-11-15 15:35:11,757, INFO, 4205154732, Successfuly read the raw data as dataframe ]
[2024-11-15 15:35:11,759, INFO, 2633698196, Disconnected from the SQLite database. ]
[2024-11-15 15:35:11,760, INFO, 4205154732, Disconnected from SQLite database ]
[2024-11-15 15:35:11,761, INFO, 4205154732, Train Test Split Initiated ]
[2024-11-15 15:35:30,240, INFO, 4205154732, Data ingestion is complete ]
